<?xml version="1.0" encoding="UTF-8"?>
<!-- Generated by org.testng.reporters.JUnitReportReporter -->
<testsuite hostname="GAL000485" failures="0" tests="3" name="com.project.testcases.SearchPageTest" time="1.124" errors="0" timestamp="2021-11-19T11:50:17 IST" skipped="0">
  <testcase classname="com.project.testcases.SearchPageTest" name="SearchValidTest" time="0.589"/>
  <system-out/>
  <testcase classname="com.project.testcases.SearchPageTest" name="SearchPartialTest" time="0.340"/>
  <system-out/>
  <testcase classname="com.project.testcases.SearchPageTest" name="SearchInvalidTest" time="0.195"/>
  <system-out/>
</testsuite> <!-- com.project.testcases.SearchPageTest -->
