<?xml version="1.0" encoding="UTF-8"?>
<!-- Generated by org.testng.reporters.JUnitReportReporter -->
<testsuite hostname="GAL000485" failures="0" tests="4" name="com.project.testcases.FashionTest" time="0.496" errors="0" timestamp="2021-11-18T19:11:17 IST" skipped="0">
  <testcase classname="com.project.testcases.FashionTest" name="fashionCatAccess" time="0.257"/>
  <system-out/>
  <testcase classname="com.project.testcases.FashionTest" name="fashionFootwearAccess" time="0.127"/>
  <system-out/>
  <testcase classname="com.project.testcases.FashionTest" name="checkProductRating" time="0.076"/>
  <system-out/>
  <testcase classname="com.project.testcases.FashionTest" name="checkMrp" time="0.036"/>
  <system-out/>
</testsuite> <!-- com.project.testcases.FashionTest -->
