<?xml version="1.0" encoding="UTF-8"?>
<!-- Generated by org.testng.reporters.JUnitReportReporter -->
<testsuite hostname="GAL000485" failures="0" tests="6" name="com.project.testcases.HomePageTest" time="7.602" errors="0" timestamp="2021-11-18T23:57:05 IST" skipped="0">
  <testcase classname="com.project.testcases.HomePageTest" name="pageTitle" time="0.388"/>
  <system-out/>
  <testcase classname="com.project.testcases.HomePageTest" name="brandTitleCheck" time="0.082"/>
  <system-out/>
  <testcase classname="com.project.testcases.HomePageTest" name="smartPhoneScroll" time="0.515"/>
  <system-out/>
  <testcase classname="com.project.testcases.HomePageTest" name="laptopScroll" time="0.115"/>
  <system-out/>
  <testcase classname="com.project.testcases.HomePageTest" name="facebookDirect" time="5.727"/>
  <system-out/>
  <testcase classname="com.project.testcases.HomePageTest" name="linkedinDirect" time="0.775"/>
  <system-out/>
</testsuite> <!-- com.project.testcases.HomePageTest -->
