<?xml version="1.0" encoding="UTF-8"?>
<!-- Generated by org.testng.reporters.JUnitReportReporter -->
<testsuite hostname="GAL000485" failures="0" tests="4" name="com.project.testcases.FurniturePageTest" time="0.990" errors="0" timestamp="2021-11-18T22:06:38 IST" skipped="0">
  <testcase classname="com.project.testcases.FurniturePageTest" name="FurnitureCatAccess" time="0.318"/>
  <system-out/>
  <testcase classname="com.project.testcases.FurniturePageTest" name="FurnitureFootwearAccess" time="0.192"/>
  <system-out/>
  <testcase classname="com.project.testcases.FurniturePageTest" name="checkProductRating" time="0.108"/>
  <system-out/>
  <testcase classname="com.project.testcases.FurniturePageTest" name="bedsCatMouseHover" time="0.372"/>
  <system-out/>
</testsuite> <!-- com.project.testcases.FurniturePageTest -->
