<?xml version="1.0" encoding="UTF-8"?>
<!-- Generated by org.testng.reporters.JUnitReportReporter -->
<testsuite hostname="GAL000485" failures="0" tests="4" name="testcases.BooksPageTest" time="0.873" errors="0" timestamp="2021-11-17T22:37:53 IST" skipped="0">
  <testcase classname="testcases.BooksPageTest" name="booksCatAccess" time="0.499"/>
  <system-out/>
  <testcase classname="testcases.BooksPageTest" name="booksComicsAccess" time="0.208"/>
  <system-out/>
  <testcase classname="testcases.BooksPageTest" name="addBookTocart" time="0.149"/>
  <system-out/>
  <testcase classname="testcases.BooksPageTest" name="simpleAlert" time="0.017"/>
  <system-out/>
</testsuite> <!-- testcases.BooksPageTest -->
