<?xml version="1.0" encoding="UTF-8"?>
<!-- Generated by org.testng.reporters.JUnitXMLReporter -->
<testsuite ignored="0" hostname="GAL000485" failures="0" tests="3" name="Default test" time="7.01" errors="0" timestamp="2021-11-19T11:50:17 IST">
  <testcase classname="com.project.testcases.SearchPageTest" name="SearchValidTest" time="0.589"/>
  <testcase classname="com.project.testcases.SearchPageTest" name="SearchPartialTest" time="0.34"/>
  <testcase classname="com.project.testcases.SearchPageTest" name="SearchInvalidTest" time="0.195"/>
</testsuite> <!-- Default test -->
